[2023-04-24 02:45:02.327] [modengine] [info] ModEngine version 2.0.0-preview3-d673e6000e50d5c559364b6276057f6bde09accb initializing for Elden Ring
[2023-04-24 02:45:02.327] [modengine] [info] Local settings loaded: true, Global settings loaded: true
[2023-04-24 02:45:02.327] [modengine] [info] Main thread ID: 16556
[2023-04-24 02:45:02.341] [modengine] [info] Loaded external DLL C:\Projects\Roundtable-Hold-Arena\ModEngine\RoundtableHoldArena.dll
[2023-04-24 02:45:02.341] [modengine] [warning] External dll C:\Projects\Roundtable-Hold-Arena\ModEngine\RoundtableHoldArena.dll at base address 0x7ffb7fc50000 is not a modengine extension
[2023-04-24 02:45:02.341] [modengine] [info] Enabling extension base
[2023-04-24 02:45:02.341] [modengine] [info] Enabled extension base
[2023-04-24 02:45:02.341] [modengine] [info] Enabling extension mod_loader
[2023-04-24 02:45:02.341] [modengine] [info] Installing mod location mod
[2023-04-24 02:45:02.341] [modengine] [info] Resolved mod path to C:\Projects\Roundtable-Hold-Arena\ModEngine\mod
[2023-04-24 02:45:02.341] [modengine] [info] Enabled extension mod_loader
[2023-04-24 02:45:02.411] [modengine] [info] Applied 3 hooks
[2023-04-24 02:45:02.412] [modengine] [info] Starting worker thread
[2023-04-24 02:45:36.891] [modengine] [info] Destroying
[2023-04-24 02:45:36.891] [modengine] [info] Destroying
[2023-04-24 02:45:36.891] [modengine] [info] Destroying
[2023-04-24 02:45:36.891] [modengine] [info] Destroying
[2023-04-24 02:45:36.891] [modengine] [info] Destroying
[2023-04-24 02:45:36.891] [modengine] [info] Destroying
[2023-04-24 02:45:36.891] [modengine] [info] Destroying
[2023-04-24 02:45:36.891] [modengine] [info] Destroying
[2023-04-24 02:45:36.891] [modengine] [info] Destroying
[2023-04-24 02:45:36.892] [modengine] [info] Destroying
[2023-04-24 05:07:41.438] [modengine] [info] ModEngine version 2.0.0-preview3-d673e6000e50d5c559364b6276057f6bde09accb initializing for Elden Ring
[2023-04-24 05:07:41.439] [modengine] [info] Local settings loaded: true, Global settings loaded: true
[2023-04-24 05:07:41.439] [modengine] [info] Main thread ID: 13464
[2023-04-24 05:07:41.493] [modengine] [info] Loaded external DLL C:\Projects\Roundtable-Hold-Arena\ModEngine\elden_ring_seamless_coop.dll
[2023-04-24 05:07:41.493] [modengine] [warning] External dll C:\Projects\Roundtable-Hold-Arena\ModEngine\elden_ring_seamless_coop.dll at base address 0x7ffb6a020000 is not a modengine extension
[2023-04-24 05:07:41.509] [modengine] [info] Loaded external DLL C:\Projects\Roundtable-Hold-Arena\ModEngine\RoundtableHoldArena.dll
[2023-04-24 05:07:41.509] [modengine] [warning] External dll C:\Projects\Roundtable-Hold-Arena\ModEngine\RoundtableHoldArena.dll at base address 0x7ffb7f5f0000 is not a modengine extension
[2023-04-24 05:07:41.509] [modengine] [info] Enabling extension base
[2023-04-24 05:07:41.509] [modengine] [info] Enabled extension base
[2023-04-24 05:07:41.509] [modengine] [info] Enabling extension mod_loader
[2023-04-24 05:07:41.509] [modengine] [info] Installing mod location mod
[2023-04-24 05:07:41.509] [modengine] [info] Resolved mod path to C:\Projects\Roundtable-Hold-Arena\ModEngine\mod
[2023-04-24 05:07:41.509] [modengine] [info] Enabled extension mod_loader
[2023-04-24 05:07:41.669] [modengine] [info] Applied 3 hooks
[2023-04-24 05:07:41.677] [modengine] [info] Starting worker thread
[2023-04-24 05:11:27.761] [modengine] [info] ModEngine version 2.0.0-preview3-d673e6000e50d5c559364b6276057f6bde09accb initializing for Elden Ring
[2023-04-24 05:11:27.761] [modengine] [info] Local settings loaded: true, Global settings loaded: true
[2023-04-24 05:11:27.761] [modengine] [info] Main thread ID: 20228
[2023-04-24 05:11:27.765] [modengine] [info] Loaded external DLL C:\Projects\Roundtable-Hold-Arena\ModEngine\elden_ring_seamless_coop.dll
[2023-04-24 05:11:27.765] [modengine] [warning] External dll C:\Projects\Roundtable-Hold-Arena\ModEngine\elden_ring_seamless_coop.dll at base address 0x7ffb6a020000 is not a modengine extension
[2023-04-24 05:11:27.765] [modengine] [info] Loaded external DLL C:\Projects\Roundtable-Hold-Arena\ModEngine\RoundtableHoldArena.dll
[2023-04-24 05:11:27.765] [modengine] [warning] External dll C:\Projects\Roundtable-Hold-Arena\ModEngine\RoundtableHoldArena.dll at base address 0x7ffb7f5f0000 is not a modengine extension
[2023-04-24 05:11:27.765] [modengine] [info] Enabling extension base
[2023-04-24 05:11:27.765] [modengine] [info] Enabled extension base
[2023-04-24 05:11:27.765] [modengine] [info] Enabling extension mod_loader
[2023-04-24 05:11:27.765] [modengine] [info] Installing mod location mod
[2023-04-24 05:11:27.765] [modengine] [info] Resolved mod path to C:\Projects\Roundtable-Hold-Arena\ModEngine\mod
[2023-04-24 05:11:27.765] [modengine] [info] Enabled extension mod_loader
[2023-04-24 05:11:27.817] [modengine] [info] Applied 3 hooks
[2023-04-24 05:11:27.819] [modengine] [info] Starting worker thread
[2023-04-24 05:11:43.681] [modengine] [info] ModEngine version 2.0.0-preview3-d673e6000e50d5c559364b6276057f6bde09accb initializing for Elden Ring
[2023-04-24 05:11:43.681] [modengine] [info] Local settings loaded: true, Global settings loaded: true
[2023-04-24 05:11:43.681] [modengine] [info] Main thread ID: 8156
[2023-04-24 05:11:43.684] [modengine] [info] Loaded external DLL C:\Projects\Roundtable-Hold-Arena\ModEngine\elden_ring_seamless_coop.dll
[2023-04-24 05:11:43.684] [modengine] [warning] External dll C:\Projects\Roundtable-Hold-Arena\ModEngine\elden_ring_seamless_coop.dll at base address 0x7ffb6a020000 is not a modengine extension
[2023-04-24 05:11:43.684] [modengine] [info] Loaded external DLL C:\Projects\Roundtable-Hold-Arena\ModEngine\RoundtableHoldArena.dll
[2023-04-24 05:11:43.684] [modengine] [warning] External dll C:\Projects\Roundtable-Hold-Arena\ModEngine\RoundtableHoldArena.dll at base address 0x7ffb7f5f0000 is not a modengine extension
[2023-04-24 05:11:43.684] [modengine] [info] Enabling extension base
[2023-04-24 05:11:43.684] [modengine] [info] Enabled extension base
[2023-04-24 05:11:43.684] [modengine] [info] Enabling extension mod_loader
[2023-04-24 05:11:43.684] [modengine] [info] Installing mod location mod
[2023-04-24 05:11:43.684] [modengine] [info] Resolved mod path to C:\Projects\Roundtable-Hold-Arena\ModEngine\mod
[2023-04-24 05:11:43.684] [modengine] [info] Enabled extension mod_loader
[2023-04-24 05:11:43.736] [modengine] [info] Applied 3 hooks
[2023-04-24 05:11:43.738] [modengine] [info] Starting worker thread
[2023-04-24 05:11:52.974] [modengine] [info] ModEngine version 2.0.0-preview3-d673e6000e50d5c559364b6276057f6bde09accb initializing for Elden Ring
[2023-04-24 05:11:52.974] [modengine] [info] Local settings loaded: true, Global settings loaded: true
[2023-04-24 05:11:52.974] [modengine] [info] Main thread ID: 13684
[2023-04-24 05:11:52.976] [modengine] [info] Loaded external DLL C:\Projects\Roundtable-Hold-Arena\ModEngine\elden_ring_seamless_coop.dll
[2023-04-24 05:11:52.976] [modengine] [warning] External dll C:\Projects\Roundtable-Hold-Arena\ModEngine\elden_ring_seamless_coop.dll at base address 0x7ffb6a020000 is not a modengine extension
[2023-04-24 05:11:52.977] [modengine] [info] Loaded external DLL C:\Projects\Roundtable-Hold-Arena\ModEngine\RoundtableHoldArena.dll
[2023-04-24 05:11:52.977] [modengine] [warning] External dll C:\Projects\Roundtable-Hold-Arena\ModEngine\RoundtableHoldArena.dll at base address 0x7ffb7f5f0000 is not a modengine extension
[2023-04-24 05:11:52.977] [modengine] [info] Enabling extension base
[2023-04-24 05:11:52.977] [modengine] [info] Enabled extension base
[2023-04-24 05:11:52.977] [modengine] [info] Enabling extension mod_loader
[2023-04-24 05:11:52.977] [modengine] [info] Installing mod location mod
[2023-04-24 05:11:52.977] [modengine] [info] Resolved mod path to C:\Projects\Roundtable-Hold-Arena\ModEngine\mod
[2023-04-24 05:11:52.977] [modengine] [info] Enabled extension mod_loader
[2023-04-24 05:11:53.030] [modengine] [info] Applied 3 hooks
[2023-04-24 05:11:53.032] [modengine] [info] Starting worker thread
